0 info it worked if it ends with ok
1 verbose cli [ 'C:\\Program Files\\nodejs\\\\node.exe',
1 verbose cli   'C:\\Program Files\\nodejs\\node_modules\\npm\\bin\\npm-cli.js',
1 verbose cli   'install',
1 verbose cli   'fs',
1 verbose cli   '--save-dev' ]
2 info using npm@1.1.65
3 info using node@v0.8.14
4 verbose node symlink C:\Program Files\nodejs\\node.exe
5 verbose read json E:\development\slidecontroller\package.json
6 verbose read json E:\development\slidecontroller\node_modules\connect\package.json
7 verbose read json E:\development\slidecontroller\node_modules\express\package.json
8 verbose read json E:\development\slidecontroller\node_modules\jade\package.json
9 verbose read json E:\development\slidecontroller\node_modules\socket.io\package.json
10 verbose from cache E:\development\slidecontroller\package.json
11 verbose readDependencies using package.json deps
12 verbose cache add [ 'fs', null ]
13 silly cache add name=undefined spec="fs" args=["fs",null]
14 verbose parsed url { pathname: 'fs', path: 'fs', href: 'fs' }
15 silly lockFile 3f4bb586-fs fs
16 verbose lock fs C:\Users\linyao\AppData\Roaming\npm-cache\3f4bb586-fs.lock
17 silly lockFile 3f4bb586-fs fs
18 verbose addNamed [ 'fs', '' ]
19 verbose addNamed [ null, '' ]
20 silly lockFile a107b96b-fs fs@
21 verbose lock fs@ C:\Users\linyao\AppData\Roaming\npm-cache\a107b96b-fs.lock
22 silly addNameRange { name: 'fs', range: '', hasData: false }
23 verbose url raw fs
24 verbose url resolving [ 'https://registry.npmjs.org/', './fs' ]
25 verbose url resolved https://registry.npmjs.org/fs
26 info trying registry request attempt 1 at 09:52:25
27 http GET https://registry.npmjs.org/fs
28 http 404 https://registry.npmjs.org/fs
29 silly registry.get cb [ 404,
29 silly registry.get   { server: 'CouchDB/1.3.0 (Erlang OTP/R15B03)',
29 silly registry.get     date: 'Mon, 10 Jun 2013 01:52:30 GMT',
29 silly registry.get     'content-type': 'application/json',
29 silly registry.get     'content-length': '52',
29 silly registry.get     'cache-control': 'must-revalidate' } ]
30 silly lockFile a107b96b-fs fs@
31 error 404 'fs' is not in the npm registry.
31 error 404 You should bug the author to publish it
31 error 404
31 error 404 Note that you can also install from a
31 error 404 tarball, folder, or http url, or git url.
32 error System Windows_NT 6.1.7601
33 error command "C:\\Program Files\\nodejs\\\\node.exe" "C:\\Program Files\\nodejs\\node_modules\\npm\\bin\\npm-cli.js" "install" "fs" "--save-dev"
34 error cwd E:\development\slidecontroller
35 error node -v v0.8.14
36 error npm -v 1.1.65
37 error code E404
38 verbose exit [ 1, true ]
